<?xml version="1.0" encoding="UTF-8"?>
<!-- Generated by org.testng.reporters.JUnitReportReporter -->
<testsuite hostname="shidqiadiatma" failures="0" tests="2" name="runners.testRunner" time="60.430" errors="0" timestamp="2024-01-06T22:00:12 WIB" skipped="0">
  <testcase classname="runners.testRunner" name="runScenario" time="29.383"/>
  <system-out/>
  <testcase classname="runners.testRunner" name="runScenario" time="31.047"/>
  <system-out/>
</testsuite> <!-- runners.testRunner -->
